<?xml version="1.0" encoding="UTF-8"?>
<!-- Generated by org.testng.reporters.JUnitReportReporter -->
<testsuite hostname="DESKTOP-0E4BT9V" failures="0" tests="9" name="com.mailchimp.automation.testcases.HomePageTest" time="484.817" errors="0" timestamp="09 Aug 2018 11:12:51 GMT" skipped="0">
  <testcase classname="com.mailchimp.automation.testcases.HomePageTest" name="verifyHomePageTitleTest" time="2.512"/>
  <testcase classname="com.mailchimp.automation.testcases.HomePageTest" name="verifyPricingTitleTest" time="8.114"/>
  <testcase classname="com.mailchimp.automation.testcases.HomePageTest" name="verifyFeaturesTitleTest" time="136.768"/>
  <testcase classname="com.mailchimp.automation.testcases.HomePageTest" name="verifyLearningTitleTest" time="45.670"/>
  <testcase classname="com.mailchimp.automation.testcases.HomePageTest" name="verifyBlogTitleTest" time="23.446"/>
  <testcase classname="com.mailchimp.automation.testcases.HomePageTest" name="verifyWhatsNewTitleTest" time="223.166"/>
  <testcase classname="com.mailchimp.automation.testcases.HomePageTest" name="verifyLoginTitleTest" time="27.495"/>
  <testcase classname="com.mailchimp.automation.testcases.HomePageTest" name="verifySignUpTitleTest" time="9.590"/>
  <testcase classname="com.mailchimp.automation.testcases.HomePageTest" name="verifySupportTitleTest" time="8.056"/>
</testsuite> <!-- com.mailchimp.automation.testcases.HomePageTest -->
