<?xml version="1.0" encoding="UTF-8"?>
<!-- Generated by org.testng.reporters.JUnitReportReporter -->
<testsuite hostname="DESKTOP-0E4BT9V" failures="0" tests="1" name="com.mailchimp.automation.testcases.CampaignPageTest" time="86.736" errors="0" timestamp="09 Aug 2018 09:56:21 GMT" skipped="0">
  <testcase classname="com.mailchimp.automation.testcases.CampaignPageTest" name="createCampaign" time="86.736"/>
</testsuite> <!-- com.mailchimp.automation.testcases.CampaignPageTest -->
