<?xml version="1.0" encoding="UTF-8"?>
<!-- Generated by org.testng.reporters.JUnitReportReporter -->
<testsuite hostname="DESKTOP-T0TIKOH" failures="0" tests="2" name="com.mailchimp.automation.testcases.HomePageTest" time="0.761" errors="0" timestamp="09 Aug 2018 18:55:06 GMT" skipped="0">
  <testcase classname="com.mailchimp.automation.testcases.HomePageTest" name="verifyHomePageTitleTest" time="0.016"/>
  <testcase classname="com.mailchimp.automation.testcases.HomePageTest" name="verifyHomeHeaderElement" time="0.745"/>
</testsuite> <!-- com.mailchimp.automation.testcases.HomePageTest -->
