<?xml version="1.0" encoding="UTF-8"?>
<!-- Generated by org.testng.reporters.JUnitReportReporter -->
<testsuite hostname="DESKTOP-0E4BT9V" failures="0" tests="2" name="com.mailchimp.automation.testcases.SignUpPageTest" time="10.858" errors="0" timestamp="09 Aug 2018 11:45:57 GMT" skipped="0">
  <testcase classname="com.mailchimp.automation.testcases.SignUpPageTest" name="signUp_With_Invalid_Email_Test" time="4.571"/>
  <testcase classname="com.mailchimp.automation.testcases.SignUpPageTest" name="signUp_With_Invalid_Email_And_Existing_UserName_Test" time="6.287"/>
</testsuite> <!-- com.mailchimp.automation.testcases.SignUpPageTest -->
