<?xml version="1.0" encoding="UTF-8"?>
<!-- Generated by org.testng.reporters.JUnitReportReporter -->
<testsuite hostname="DESKTOP-0E4BT9V" failures="0" tests="7" name="com.mailchimp.automation.testcases.LoginPageTest" time="27.350" errors="0" timestamp="10 Aug 2018 08:45:58 GMT" skipped="0">
  <testcase classname="com.mailchimp.automation.testcases.LoginPageTest" name="logInPageTitleTest" time="1.510"/>
  <testcase classname="com.mailchimp.automation.testcases.LoginPageTest" name="linkCreateAccountTest" time="3.451"/>
  <testcase classname="com.mailchimp.automation.testcases.LoginPageTest" name="linkForgetUserNameTest" time="3.726"/>
  <testcase classname="com.mailchimp.automation.testcases.LoginPageTest" name="linkForgetPasswordTest" time="2.685"/>
  <testcase classname="com.mailchimp.automation.testcases.LoginPageTest" name="linkPrivacy" time="5.863"/>
  <testcase classname="com.mailchimp.automation.testcases.LoginPageTest" name="linkTermTest" time="6.390"/>
  <testcase classname="com.mailchimp.automation.testcases.LoginPageTest" name="linkCookieTest" time="3.725"/>
</testsuite> <!-- com.mailchimp.automation.testcases.LoginPageTest -->
