<?xml version="1.0" encoding="UTF-8"?>
<!-- Generated by org.testng.reporters.JUnitReportReporter -->
<testsuite hostname="DESKTOP-0E4BT9V" failures="0" tests="9" name="com.mailchimp.automation.testcases.HomePageTest" time="405.990" errors="0" timestamp="10 Aug 2018 08:45:58 GMT" skipped="0">
  <testcase classname="com.mailchimp.automation.testcases.HomePageTest" name="verifyHomePageTitleTest" time="2.213"/>
  <testcase classname="com.mailchimp.automation.testcases.HomePageTest" name="verifyPricingTitleTest" time="9.241"/>
  <testcase classname="com.mailchimp.automation.testcases.HomePageTest" name="verifyFeaturesTitleTest" time="285.502"/>
  <testcase classname="com.mailchimp.automation.testcases.HomePageTest" name="verifyLearningTitleTest" time="36.596"/>
  <testcase classname="com.mailchimp.automation.testcases.HomePageTest" name="verifyBlogTitleTest" time="15.371"/>
  <testcase classname="com.mailchimp.automation.testcases.HomePageTest" name="verifyWhatsNewTitleTest" time="19.858"/>
  <testcase classname="com.mailchimp.automation.testcases.HomePageTest" name="verifyLoginTitleTest" time="18.604"/>
  <testcase classname="com.mailchimp.automation.testcases.HomePageTest" name="verifySignUpTitleTest" time="9.141"/>
  <testcase classname="com.mailchimp.automation.testcases.HomePageTest" name="verifySupportTitleTest" time="9.464"/>
</testsuite> <!-- com.mailchimp.automation.testcases.HomePageTest -->
