<?xml version="1.0" encoding="UTF-8"?>
<!-- Generated by org.testng.reporters.JUnitReportReporter -->
<testsuite hostname="DESKTOP-0E4BT9V" failures="0" tests="1" name="com.mailchimp.automation.testcases.SignUpPageTest" time="8.299" errors="0" timestamp="09 Aug 2018 11:37:46 GMT" skipped="0">
  <testcase classname="com.mailchimp.automation.testcases.SignUpPageTest" name="signUpWithInvalidEmailTest" time="8.299"/>
</testsuite> <!-- com.mailchimp.automation.testcases.SignUpPageTest -->
