<?xml version="1.0" encoding="UTF-8"?>
<!-- Generated by org.testng.reporters.JUnitReportReporter -->
<testsuite hostname="DESKTOP-T0TIKOH" failures="0" tests="1" name="com.mailchimp.automation.testcases.LoginPageTest" time="13.539" errors="0" timestamp="09 Aug 2018 18:36:18 GMT" skipped="0">
  <testcase classname="com.mailchimp.automation.testcases.LoginPageTest" name="verifyLoginSuccessfully" time="13.539"/>
</testsuite> <!-- com.mailchimp.automation.testcases.LoginPageTest -->
