<?xml version="1.0" encoding="UTF-8"?>
<!-- Generated by org.testng.reporters.JUnitReportReporter -->
<testsuite hostname="DESKTOP-0E4BT9V" failures="0" tests="7" name="com.mailchimp.automation.testcases.LoginPageTest" time="36.584" errors="0" timestamp="09 Aug 2018 13:54:24 GMT" skipped="0">
  <testcase classname="com.mailchimp.automation.testcases.LoginPageTest" name="logInPageTitleTest" time="3.276"/>
  <testcase classname="com.mailchimp.automation.testcases.LoginPageTest" name="linkCreateAccountTest" time="5.048"/>
  <testcase classname="com.mailchimp.automation.testcases.LoginPageTest" name="linkForgetUserNameTest" time="3.626"/>
  <testcase classname="com.mailchimp.automation.testcases.LoginPageTest" name="linkForgetPasswordTest" time="8.118"/>
  <testcase classname="com.mailchimp.automation.testcases.LoginPageTest" name="linkPrivacy" time="4.240"/>
  <testcase classname="com.mailchimp.automation.testcases.LoginPageTest" name="linkTermTest" time="8.855"/>
  <testcase classname="com.mailchimp.automation.testcases.LoginPageTest" name="linkCookieTest" time="3.421"/>
</testsuite> <!-- com.mailchimp.automation.testcases.LoginPageTest -->
