<?xml version="1.0" encoding="UTF-8"?>
<!-- Generated by org.testng.reporters.JUnitReportReporter -->
<testsuite hostname="DESKTOP-0E4BT9V" failures="0" tests="1" name="com.mailchimp.automation.testcases.TemplatePageTest" time="53.823" errors="0" timestamp="09 Aug 2018 08:57:32 GMT" skipped="0">
  <testcase classname="com.mailchimp.automation.testcases.TemplatePageTest" name="createList" time="53.823"/>
</testsuite> <!-- com.mailchimp.automation.testcases.TemplatePageTest -->
