<?xml version="1.0" encoding="UTF-8"?>
<!-- Generated by org.testng.reporters.JUnitReportReporter -->
<testsuite hostname="DESKTOP-ROOTNEXT" failures="0" tests="1" name="com.mailchimp.automation.testcases.CreateListPageTest" time="9.870" errors="0" timestamp="09 Aug 2018 07:06:17 GMT" skipped="0">
  <testcase classname="com.mailchimp.automation.testcases.CreateListPageTest" name="verifyCreateNewList" time="9.870"/>
</testsuite> <!-- com.mailchimp.automation.testcases.CreateListPageTest -->
