<?xml version="1.0" encoding="UTF-8"?>
<!-- Generated by org.testng.reporters.JUnitReportReporter -->
<testsuite hostname="DESKTOP-ROOTNEXT" failures="0" tests="1" name="com.mailchimp.automation.testcases.LoginPageTest" time="12.836" errors="0" timestamp="09 Aug 2018 07:30:04 GMT" skipped="0">
  <testcase classname="com.mailchimp.automation.testcases.LoginPageTest" name="verifyLoginSuccessfully" time="12.836"/>
</testsuite> <!-- com.mailchimp.automation.testcases.LoginPageTest -->
