<?xml version="1.0" encoding="UTF-8"?>
<!-- Generated by org.testng.reporters.JUnitReportReporter -->
<testsuite hostname="DESKTOP-0E4BT9V" failures="0" tests="11" name="com.mailchimp.automation.testcases.DashBoardPageTest" time="79.371" errors="0" timestamp="09 Aug 2018 08:01:40 GMT" skipped="0">
  <testcase classname="com.mailchimp.automation.testcases.DashBoardPageTest" name="checkTitle" time="3.014"/>
  <testcase classname="com.mailchimp.automation.testcases.DashBoardPageTest" name="clickToReport" time="5.031"/>
  <testcase classname="com.mailchimp.automation.testcases.DashBoardPageTest" name="clickToListlink" time="5.535"/>
  <testcase classname="com.mailchimp.automation.testcases.DashBoardPageTest" name="clickToCampaignLink" time="4.786"/>
  <testcase classname="com.mailchimp.automation.testcases.DashBoardPageTest" name="clickToTemplateLink" time="4.442"/>
  <testcase classname="com.mailchimp.automation.testcases.DashBoardPageTest" name="clickToHelpLink" time="7.953"/>
  <testcase classname="com.mailchimp.automation.testcases.DashBoardPageTest" name="clickToProfile" time="5.173"/>
  <testcase classname="com.mailchimp.automation.testcases.DashBoardPageTest" name="clickToAccount" time="4.970"/>
  <testcase classname="com.mailchimp.automation.testcases.DashBoardPageTest" name="clickToConnectedSite" time="26.249"/>
  <testcase classname="com.mailchimp.automation.testcases.DashBoardPageTest" name="clickToNotification" time="4.148"/>
  <testcase classname="com.mailchimp.automation.testcases.DashBoardPageTest" name="clickToLogout" time="8.070"/>
</testsuite> <!-- com.mailchimp.automation.testcases.DashBoardPageTest -->
