<?xml version="1.0" encoding="UTF-8"?>
<!-- Generated by org.testng.reporters.JUnitReportReporter -->
<testsuite hostname="DESKTOP-0E4BT9V" failures="0" tests="3" name="com.mailchimp.automation.testcases.SignUpPageTest" time="17.397" errors="0" timestamp="09 Aug 2018 12:24:34 GMT" skipped="0">
  <testcase classname="com.mailchimp.automation.testcases.SignUpPageTest" name="signUp_With_Invalid_Email_Test" time="5.070"/>
  <testcase classname="com.mailchimp.automation.testcases.SignUpPageTest" name="signUp_With_Invalid_Email_And_Existing_UserName_Test" time="3.999"/>
  <testcase classname="com.mailchimp.automation.testcases.SignUpPageTest" name="signUp_With_Valid_Email_And_UserName_Test" time="8.328"/>
</testsuite> <!-- com.mailchimp.automation.testcases.SignUpPageTest -->
