<?xml version="1.0" encoding="UTF-8"?>
<!-- Generated by org.testng.reporters.JUnitReportReporter -->
<testsuite hostname="DESKTOP-ROOTNEXT" failures="0" tests="1" name="com.mailchimp.automation.testcases.HomePageTest" time="0.061" errors="0" timestamp="09 Aug 2018 07:37:01 GMT" skipped="0">
  <testcase classname="com.mailchimp.automation.testcases.HomePageTest" name="verifyHomePageTitleTest" time="0.061"/>
</testsuite> <!-- com.mailchimp.automation.testcases.HomePageTest -->
