<?xml version="1.0" encoding="UTF-8"?>
<!-- Generated by org.testng.reporters.JUnitReportReporter -->
<testsuite hostname="DESKTOP-0E4BT9V" failures="0" tests="5" name="com.mailchimp.automation.testcases.AnnotationTest" time="0.000" errors="0" timestamp="09 Aug 2018 13:34:36 GMT" skipped="0">
  <testcase classname="com.mailchimp.automation.testcases.AnnotationTest" name="f3" time="0.000"/>
  <testcase classname="com.mailchimp.automation.testcases.AnnotationTest" name="f4" time="0.000"/>
  <testcase classname="com.mailchimp.automation.testcases.AnnotationTest" name="f5" time="0.000"/>
  <testcase classname="com.mailchimp.automation.testcases.AnnotationTest" name="f1" time="0.000"/>
  <testcase classname="com.mailchimp.automation.testcases.AnnotationTest" name="f2" time="0.000"/>
</testsuite> <!-- com.mailchimp.automation.testcases.AnnotationTest -->
