<?xml version="1.0" encoding="UTF-8"?>
<!-- Generated by org.testng.reporters.JUnitReportReporter -->
<testsuite hostname="DESKTOP-0E4BT9V" failures="0" tests="9" name="com.mailchimp.automation.testcases.HomePageTest" time="132.710" errors="0" timestamp="09 Aug 2018 14:06:05 GMT" skipped="0">
  <testcase classname="com.mailchimp.automation.testcases.HomePageTest" name="verifyHomePageTitleTest" time="2.155"/>
  <testcase classname="com.mailchimp.automation.testcases.HomePageTest" name="verifyPricingTitleTest" time="7.244"/>
  <testcase classname="com.mailchimp.automation.testcases.HomePageTest" name="verifyFeaturesTitleTest" time="18.664"/>
  <testcase classname="com.mailchimp.automation.testcases.HomePageTest" name="verifyLearningTitleTest" time="26.082"/>
  <testcase classname="com.mailchimp.automation.testcases.HomePageTest" name="verifyBlogTitleTest" time="12.823"/>
  <testcase classname="com.mailchimp.automation.testcases.HomePageTest" name="verifyWhatsNewTitleTest" time="23.539"/>
  <testcase classname="com.mailchimp.automation.testcases.HomePageTest" name="verifyLoginTitleTest" time="21.845"/>
  <testcase classname="com.mailchimp.automation.testcases.HomePageTest" name="verifySignUpTitleTest" time="10.300"/>
  <testcase classname="com.mailchimp.automation.testcases.HomePageTest" name="verifySupportTitleTest" time="10.058"/>
</testsuite> <!-- com.mailchimp.automation.testcases.HomePageTest -->
