<?xml version="1.0" encoding="UTF-8"?>
<!-- Generated by org.testng.reporters.JUnitReportReporter -->
<testsuite hostname="DESKTOP-0E4BT9V" failures="0" tests="7" name="com.mailchimp.automation.testcases.LoginPageTest" time="0.000" errors="0" timestamp="09 Aug 2018 13:47:47 GMT" skipped="7">
  <testcase classname="com.mailchimp.automation.testcases.LoginPageTest" name="logInPageTitleTest" time="0.000">
    <skipped/>
  </testcase> <!-- logInPageTitleTest -->
  <testcase classname="com.mailchimp.automation.testcases.LoginPageTest" name="linkCreateAccountTest" time="0.000">
    <skipped/>
  </testcase> <!-- linkCreateAccountTest -->
  <testcase classname="com.mailchimp.automation.testcases.LoginPageTest" name="linkForgetUserNameTest" time="0.000">
    <skipped/>
  </testcase> <!-- linkForgetUserNameTest -->
  <testcase classname="com.mailchimp.automation.testcases.LoginPageTest" name="linkForgetPasswordTest" time="0.000">
    <skipped/>
  </testcase> <!-- linkForgetPasswordTest -->
  <testcase classname="com.mailchimp.automation.testcases.LoginPageTest" name="linkPrivacy" time="0.000">
    <skipped/>
  </testcase> <!-- linkPrivacy -->
  <testcase classname="com.mailchimp.automation.testcases.LoginPageTest" name="linkTermTest" time="0.000">
    <skipped/>
  </testcase> <!-- linkTermTest -->
  <testcase classname="com.mailchimp.automation.testcases.LoginPageTest" name="linkCookieTest" time="0.000">
    <skipped/>
  </testcase> <!-- linkCookieTest -->
</testsuite> <!-- com.mailchimp.automation.testcases.LoginPageTest -->
