<?xml version="1.0" encoding="UTF-8"?>
<!-- Generated by org.testng.reporters.JUnitReportReporter -->
<testsuite hostname="DESKTOP-0E4BT9V" failures="0" tests="11" name="com.mailchimp.automation.testcases.DashBoardPageTest" time="62.779" errors="0" timestamp="10 Aug 2018 10:56:39 GMT" skipped="0">
  <testcase classname="com.mailchimp.automation.testcases.DashBoardPageTest" name="checkTitle" time="3.012"/>
  <testcase classname="com.mailchimp.automation.testcases.DashBoardPageTest" name="clickToReport" time="5.527"/>
  <testcase classname="com.mailchimp.automation.testcases.DashBoardPageTest" name="clickToListlink" time="4.779"/>
  <testcase classname="com.mailchimp.automation.testcases.DashBoardPageTest" name="clickToCampaignLink" time="4.668"/>
  <testcase classname="com.mailchimp.automation.testcases.DashBoardPageTest" name="clickToTemplateLink" time="4.406"/>
  <testcase classname="com.mailchimp.automation.testcases.DashBoardPageTest" name="clickToHelpLink" time="7.391"/>
  <testcase classname="com.mailchimp.automation.testcases.DashBoardPageTest" name="clickToProfile" time="4.992"/>
  <testcase classname="com.mailchimp.automation.testcases.DashBoardPageTest" name="clickToAccount" time="5.335"/>
  <testcase classname="com.mailchimp.automation.testcases.DashBoardPageTest" name="clickToConnectedSite" time="10.580"/>
  <testcase classname="com.mailchimp.automation.testcases.DashBoardPageTest" name="clickToNotification" time="4.138"/>
  <testcase classname="com.mailchimp.automation.testcases.DashBoardPageTest" name="clickToLogout" time="7.951"/>
</testsuite> <!-- com.mailchimp.automation.testcases.DashBoardPageTest -->
