<?xml version="1.0" encoding="UTF-8"?>
<!-- Generated by org.testng.reporters.JUnitReportReporter -->
<testsuite hostname="DESKTOP-0E4BT9V" failures="0" tests="1" name="com.mailchimp.automation.testcases.TemplatePageTest" time="16.931" errors="0" timestamp="10 Aug 2018 10:56:39 GMT" skipped="0">
  <testcase classname="com.mailchimp.automation.testcases.TemplatePageTest" name="createList" time="16.931"/>
</testsuite> <!-- com.mailchimp.automation.testcases.TemplatePageTest -->
