<?xml version="1.0" encoding="UTF-8"?>
<!-- Generated by org.testng.reporters.JUnitReportReporter -->
<testsuite hostname="DESKTOP-0E4BT9V" failures="0" tests="9" name="com.mailchimp.automation.testcases.HomePageTest" time="125.394" errors="0" timestamp="10 Aug 2018 10:56:39 GMT" skipped="0">
  <testcase classname="com.mailchimp.automation.testcases.HomePageTest" name="verifyHomePageTitleTest" time="2.161"/>
  <testcase classname="com.mailchimp.automation.testcases.HomePageTest" name="verifyPricingTitleTest" time="7.427"/>
  <testcase classname="com.mailchimp.automation.testcases.HomePageTest" name="verifyFeaturesTitleTest" time="25.512"/>
  <testcase classname="com.mailchimp.automation.testcases.HomePageTest" name="verifyLearningTitleTest" time="24.493"/>
  <testcase classname="com.mailchimp.automation.testcases.HomePageTest" name="verifyBlogTitleTest" time="12.644"/>
  <testcase classname="com.mailchimp.automation.testcases.HomePageTest" name="verifyWhatsNewTitleTest" time="19.035"/>
  <testcase classname="com.mailchimp.automation.testcases.HomePageTest" name="verifyLoginTitleTest" time="18.896"/>
  <testcase classname="com.mailchimp.automation.testcases.HomePageTest" name="verifySignUpTitleTest" time="7.005"/>
  <testcase classname="com.mailchimp.automation.testcases.HomePageTest" name="verifySupportTitleTest" time="8.221"/>
</testsuite> <!-- com.mailchimp.automation.testcases.HomePageTest -->
