<?xml version="1.0" encoding="UTF-8"?>
<!-- Generated by org.testng.reporters.JUnitReportReporter -->
<testsuite hostname="DESKTOP-0E4BT9V" failures="0" tests="7" name="com.mailchimp.automation.testcases.LoginPageTest" time="21.887" errors="0" timestamp="10 Aug 2018 10:56:39 GMT" skipped="0">
  <testcase classname="com.mailchimp.automation.testcases.LoginPageTest" name="logInPageTitleTest" time="1.498"/>
  <testcase classname="com.mailchimp.automation.testcases.LoginPageTest" name="linkCreateAccountTest" time="2.672"/>
  <testcase classname="com.mailchimp.automation.testcases.LoginPageTest" name="linkForgetUserNameTest" time="2.598"/>
  <testcase classname="com.mailchimp.automation.testcases.LoginPageTest" name="linkForgetPasswordTest" time="2.589"/>
  <testcase classname="com.mailchimp.automation.testcases.LoginPageTest" name="linkPrivacy" time="5.451"/>
  <testcase classname="com.mailchimp.automation.testcases.LoginPageTest" name="linkTermTest" time="5.273"/>
  <testcase classname="com.mailchimp.automation.testcases.LoginPageTest" name="linkCookieTest" time="1.806"/>
</testsuite> <!-- com.mailchimp.automation.testcases.LoginPageTest -->
