<?xml version="1.0" encoding="UTF-8"?>
<!-- Generated by org.testng.reporters.JUnitReportReporter -->
<testsuite hostname="DESKTOP-ROOTNEXT" failures="0" tests="12" name="com.mailchimp.automation.testcases.LoginPageTest" time="0.017" errors="1" timestamp="13 Aug 2018 10:30:01 GMT" skipped="11">
  <testcase classname="com.mailchimp.automation.testcases.LoginPageTest" name="setUp" time="0.016">
    <error type="java.lang.NullPointerException">
      <![CDATA[java.lang.NullPointerException
	at com.mailchimp.automation.suite.TestHelper.setUpDriver(TestHelper.java:37)
	at com.mailchimp.automation.suite.TestHelper.getCurrentDriver(TestHelper.java:95)
	at com.mailchimp.automation.pages.PageBase.<init>(PageBase.java:11)
	at com.mailchimp.automation.pages.HomePage.<init>(HomePage.java:15)
	at com.mailchimp.automation.testcases.LoginPageTest.setUp(LoginPageTest.java:21)
	at java.base/jdk.internal.reflect.NativeMethodAccessorImpl.invoke0(Native Method)
	at java.base/jdk.internal.reflect.NativeMethodAccessorImpl.invoke(Unknown Source)
	at java.base/jdk.internal.reflect.DelegatingMethodAccessorImpl.invoke(Unknown Source)
	at java.base/java.lang.reflect.Method.invoke(Unknown Source)
	at org.testng.internal.MethodInvocationHelper.invokeMethod(MethodInvocationHelper.java:108)
	at org.testng.internal.Invoker.invokeConfigurationMethod(Invoker.java:523)
	at org.testng.internal.Invoker.invokeConfigurations(Invoker.java:224)
	at org.testng.internal.Invoker.invokeConfigurations(Invoker.java:146)
	at org.testng.internal.TestMethodWorker.invokeBeforeClassMethods(TestMethodWorker.java:166)
	at org.testng.internal.TestMethodWorker.run(TestMethodWorker.java:105)
	at org.testng.TestRunner.privateRun(TestRunner.java:744)
	at org.testng.TestRunner.run(TestRunner.java:602)
	at org.testng.SuiteRunner.runTest(SuiteRunner.java:380)
	at org.testng.SuiteRunner.runSequentially(SuiteRunner.java:375)
	at org.testng.SuiteRunner.privateRun(SuiteRunner.java:340)
	at org.testng.SuiteRunner.run(SuiteRunner.java:289)
	at org.testng.SuiteRunnerWorker.runSuite(SuiteRunnerWorker.java:52)
	at org.testng.SuiteRunnerWorker.run(SuiteRunnerWorker.java:86)
	at org.testng.TestNG.runSuitesSequentially(TestNG.java:1301)
	at org.testng.TestNG.runSuitesLocally(TestNG.java:1226)
	at org.testng.TestNG.runSuites(TestNG.java:1144)
	at org.testng.TestNG.run(TestNG.java:1115)
	at org.testng.remote.AbstractRemoteTestNG.run(AbstractRemoteTestNG.java:114)
	at org.testng.remote.RemoteTestNG.initAndRun(RemoteTestNG.java:251)
	at org.testng.remote.RemoteTestNG.main(RemoteTestNG.java:77)
]]>
    </error>
  </testcase> <!-- setUp -->
  <testcase classname="com.mailchimp.automation.testcases.LoginPageTest" name="verifyLoginPageTitle" time="0.001">
    <skipped/>
  </testcase> <!-- verifyLoginPageTitle -->
  <testcase classname="com.mailchimp.automation.testcases.LoginPageTest" name="verifyLoginPageText" time="0.000">
    <skipped/>
  </testcase> <!-- verifyLoginPageText -->
  <testcase classname="com.mailchimp.automation.testcases.LoginPageTest" name="verifyLoginWithBlankInfo" time="0.000">
    <skipped/>
  </testcase> <!-- verifyLoginWithBlankInfo -->
  <testcase classname="com.mailchimp.automation.testcases.LoginPageTest" name="verifyLoginWithOnlyUserName" time="0.000">
    <skipped/>
  </testcase> <!-- verifyLoginWithOnlyUserName -->
  <testcase classname="com.mailchimp.automation.testcases.LoginPageTest" name="verifyLoginWithOnlyPassWord" time="0.000">
    <skipped/>
  </testcase> <!-- verifyLoginWithOnlyPassWord -->
  <testcase classname="com.mailchimp.automation.testcases.LoginPageTest" name="verifyLoginActionWithInvalidInfo" time="0.000">
    <skipped/>
  </testcase> <!-- verifyLoginActionWithInvalidInfo -->
  <testcase classname="com.mailchimp.automation.testcases.LoginPageTest" name="verifyLoginActionWithValid_User" time="0.000">
    <skipped/>
  </testcase> <!-- verifyLoginActionWithValid_User -->
  <testcase classname="com.mailchimp.automation.testcases.LoginPageTest" name="verifyLoginActionWithValid_UP" time="0.000">
    <skipped/>
  </testcase> <!-- verifyLoginActionWithValid_UP -->
  <testcase classname="com.mailchimp.automation.testcases.LoginPageTest" name="verifyLogOut" time="0.000">
    <skipped/>
  </testcase> <!-- verifyLogOut -->
  <testcase classname="com.mailchimp.automation.testcases.LoginPageTest" name="verifyForgotUserName" time="0.000">
    <skipped/>
  </testcase> <!-- verifyForgotUserName -->
  <testcase classname="com.mailchimp.automation.testcases.LoginPageTest" name="verifyForgotPassWord" time="0.000">
    <skipped/>
  </testcase> <!-- verifyForgotPassWord -->
</testsuite> <!-- com.mailchimp.automation.testcases.LoginPageTest -->
