<?xml version="1.0" encoding="UTF-8"?>
<!-- Generated by org.testng.reporters.JUnitReportReporter -->
<testsuite hostname="DESKTOP-0E4BT9V" failures="0" tests="8" name="com.mailchimp.automation.testcases.LoginPageTest" time="0.001" errors="1" timestamp="09 Aug 2018 14:13:50 GMT" skipped="7">
  <testcase classname="com.mailchimp.automation.testcases.LoginPageTest" name="setUp" time="0.001">
    <error type="java.lang.NullPointerException">
      <![CDATA[java.lang.NullPointerException
	at com.mailchimp.automation.suite.TestHelper.setUpDriver(TestHelper.java:37)
	at com.mailchimp.automation.suite.TestHelper.getCurrentDriver(TestHelper.java:95)
	at com.mailchimp.automation.pages.PageBase.<init>(PageBase.java:11)
	at com.mailchimp.automation.pages.HomePage.<init>(HomePage.java:40)
	at com.mailchimp.automation.testcases.LoginPageTest.setUp(LoginPageTest.java:24)
	at java.base/jdk.internal.reflect.NativeMethodAccessorImpl.invoke0(Native Method)
	at java.base/jdk.internal.reflect.NativeMethodAccessorImpl.invoke(Unknown Source)
	at java.base/jdk.internal.reflect.DelegatingMethodAccessorImpl.invoke(Unknown Source)
	at java.base/java.lang.reflect.Method.invoke(Unknown Source)
	at org.testng.internal.MethodInvocationHelper.invokeMethod(MethodInvocationHelper.java:108)
	at org.testng.internal.Invoker.invokeConfigurationMethod(Invoker.java:523)
	at org.testng.internal.Invoker.invokeConfigurations(Invoker.java:224)
	at org.testng.internal.Invoker.invokeConfigurations(Invoker.java:146)
	at org.testng.TestRunner.beforeRun(TestRunner.java:626)
	at org.testng.TestRunner.run(TestRunner.java:594)
	at org.testng.SuiteRunner.runTest(SuiteRunner.java:380)
	at org.testng.SuiteRunner.runSequentially(SuiteRunner.java:375)
	at org.testng.SuiteRunner.privateRun(SuiteRunner.java:340)
	at org.testng.SuiteRunner.run(SuiteRunner.java:289)
	at org.testng.SuiteRunnerWorker.runSuite(SuiteRunnerWorker.java:52)
	at org.testng.SuiteRunnerWorker.run(SuiteRunnerWorker.java:86)
	at org.testng.TestNG.runSuitesSequentially(TestNG.java:1301)
	at org.testng.TestNG.runSuitesLocally(TestNG.java:1226)
	at org.testng.TestNG.runSuites(TestNG.java:1144)
	at org.testng.TestNG.run(TestNG.java:1115)
	at org.testng.remote.AbstractRemoteTestNG.run(AbstractRemoteTestNG.java:114)
	at org.testng.remote.RemoteTestNG.initAndRun(RemoteTestNG.java:251)
	at org.testng.remote.RemoteTestNG.main(RemoteTestNG.java:77)
]]>
    </error>
  </testcase> <!-- setUp -->
  <testcase classname="com.mailchimp.automation.testcases.LoginPageTest" name="logInPageTitleTest" time="0.000">
    <skipped/>
  </testcase> <!-- logInPageTitleTest -->
  <testcase classname="com.mailchimp.automation.testcases.LoginPageTest" name="linkCreateAccountTest" time="0.000">
    <skipped/>
  </testcase> <!-- linkCreateAccountTest -->
  <testcase classname="com.mailchimp.automation.testcases.LoginPageTest" name="linkForgetUserNameTest" time="0.000">
    <skipped/>
  </testcase> <!-- linkForgetUserNameTest -->
  <testcase classname="com.mailchimp.automation.testcases.LoginPageTest" name="linkForgetPasswordTest" time="0.000">
    <skipped/>
  </testcase> <!-- linkForgetPasswordTest -->
  <testcase classname="com.mailchimp.automation.testcases.LoginPageTest" name="linkPrivacy" time="0.000">
    <skipped/>
  </testcase> <!-- linkPrivacy -->
  <testcase classname="com.mailchimp.automation.testcases.LoginPageTest" name="linkTermTest" time="0.000">
    <skipped/>
  </testcase> <!-- linkTermTest -->
  <testcase classname="com.mailchimp.automation.testcases.LoginPageTest" name="linkCookieTest" time="0.000">
    <skipped/>
  </testcase> <!-- linkCookieTest -->
</testsuite> <!-- com.mailchimp.automation.testcases.LoginPageTest -->
