<?xml version="1.0" encoding="UTF-8"?>
<!-- Generated by org.testng.reporters.JUnitReportReporter -->
<testsuite hostname="DESKTOP-0E4BT9V" failures="0" tests="12" name="com.mailchimp.automation.testcases.LoginPageTest" time="0.000" errors="0" timestamp="13 Aug 2018 10:11:21 GMT" skipped="12">
  <testcase classname="com.mailchimp.automation.testcases.LoginPageTest" name="logInPageTitleTest" time="0.000">
    <skipped/>
  </testcase> <!-- logInPageTitleTest -->
  <testcase classname="com.mailchimp.automation.testcases.LoginPageTest" name="loginElementTextTest" time="0.000">
    <skipped/>
  </testcase> <!-- loginElementTextTest -->
  <testcase classname="com.mailchimp.automation.testcases.LoginPageTest" name="keepMeLogInElementTextTest" time="0.000">
    <skipped/>
  </testcase> <!-- keepMeLogInElementTextTest -->
  <testcase classname="com.mailchimp.automation.testcases.LoginPageTest" name="needAccountElementTextTest" time="0.000">
    <skipped/>
  </testcase> <!-- needAccountElementTextTest -->
  <testcase classname="com.mailchimp.automation.testcases.LoginPageTest" name="linkCreateAccountTest" time="0.000">
    <skipped/>
  </testcase> <!-- linkCreateAccountTest -->
  <testcase classname="com.mailchimp.automation.testcases.LoginPageTest" name="loginWithBlankInformationTest" time="0.000">
    <skipped/>
  </testcase> <!-- loginWithBlankInformationTest -->
  <testcase classname="com.mailchimp.automation.testcases.LoginPageTest" name="loginWithoutPasswordTest" time="0.000">
    <skipped/>
  </testcase> <!-- loginWithoutPasswordTest -->
  <testcase classname="com.mailchimp.automation.testcases.LoginPageTest" name="loginWithoutUserNameTest" time="0.000">
    <skipped/>
  </testcase> <!-- loginWithoutUserNameTest -->
  <testcase classname="com.mailchimp.automation.testcases.LoginPageTest" name="loginWithWrongInfoTest" time="0.000">
    <skipped/>
  </testcase> <!-- loginWithWrongInfoTest -->
  <testcase classname="com.mailchimp.automation.testcases.LoginPageTest" name="loginWithValidInfoTest" time="0.000">
    <skipped/>
  </testcase> <!-- loginWithValidInfoTest -->
  <testcase classname="com.mailchimp.automation.testcases.LoginPageTest" name="logoutFromDashBoardAndForgotUserNameTest" time="0.000">
    <skipped/>
  </testcase> <!-- logoutFromDashBoardAndForgotUserNameTest -->
  <testcase classname="com.mailchimp.automation.testcases.LoginPageTest" name="linkForgetPasswordTest" time="0.000">
    <skipped/>
  </testcase> <!-- linkForgetPasswordTest -->
</testsuite> <!-- com.mailchimp.automation.testcases.LoginPageTest -->
