<?xml version="1.0" encoding="UTF-8"?>
<!-- Generated by org.testng.reporters.JUnitReportReporter -->
<testsuite hostname="DESKTOP-0E4BT9V" failures="0" tests="9" name="com.mailchimp.automation.testcases.HomePageTest" time="0.000" errors="0" timestamp="13 Aug 2018 10:11:21 GMT" skipped="9">
  <testcase classname="com.mailchimp.automation.testcases.HomePageTest" name="verifyHomePageTitleTest" time="0.000">
    <skipped/>
  </testcase> <!-- verifyHomePageTitleTest -->
  <testcase classname="com.mailchimp.automation.testcases.HomePageTest" name="verifyPricingTitleTest" time="0.000">
    <skipped/>
  </testcase> <!-- verifyPricingTitleTest -->
  <testcase classname="com.mailchimp.automation.testcases.HomePageTest" name="verifyFeaturesTitleTest" time="0.000">
    <skipped/>
  </testcase> <!-- verifyFeaturesTitleTest -->
  <testcase classname="com.mailchimp.automation.testcases.HomePageTest" name="verifyLearningTitleTest" time="0.000">
    <skipped/>
  </testcase> <!-- verifyLearningTitleTest -->
  <testcase classname="com.mailchimp.automation.testcases.HomePageTest" name="verifyBlogTitleTest" time="0.000">
    <skipped/>
  </testcase> <!-- verifyBlogTitleTest -->
  <testcase classname="com.mailchimp.automation.testcases.HomePageTest" name="verifyWhatsNewTitleTest" time="0.000">
    <skipped/>
  </testcase> <!-- verifyWhatsNewTitleTest -->
  <testcase classname="com.mailchimp.automation.testcases.HomePageTest" name="verifyLoginTitleTest" time="0.000">
    <skipped/>
  </testcase> <!-- verifyLoginTitleTest -->
  <testcase classname="com.mailchimp.automation.testcases.HomePageTest" name="verifySignUpTitleTest" time="0.000">
    <skipped/>
  </testcase> <!-- verifySignUpTitleTest -->
  <testcase classname="com.mailchimp.automation.testcases.HomePageTest" name="verifySupportTitleTest" time="0.000">
    <skipped/>
  </testcase> <!-- verifySupportTitleTest -->
</testsuite> <!-- com.mailchimp.automation.testcases.HomePageTest -->
