<?xml version="1.0" encoding="UTF-8"?>
<!-- Generated by org.testng.reporters.JUnitReportReporter -->
<testsuite hostname="DESKTOP-0E4BT9V" failures="0" tests="5" name="com.mailchimp.automation.testcases.SignUpPageTest" time="0.000" errors="0" timestamp="13 Aug 2018 10:11:21 GMT" skipped="5">
  <testcase classname="com.mailchimp.automation.testcases.SignUpPageTest" name="signUpPageTitleTest" time="0.000">
    <skipped/>
  </testcase> <!-- signUpPageTitleTest -->
  <testcase classname="com.mailchimp.automation.testcases.SignUpPageTest" name="logInLinkTest" time="0.000">
    <skipped/>
  </testcase> <!-- logInLinkTest -->
  <testcase classname="com.mailchimp.automation.testcases.SignUpPageTest" name="signUp_With_Invalid_Email_Test" time="0.000">
    <skipped/>
  </testcase> <!-- signUp_With_Invalid_Email_Test -->
  <testcase classname="com.mailchimp.automation.testcases.SignUpPageTest" name="signUp_With_Invalid_Email_And_Existing_UserName_Test" time="0.000">
    <skipped/>
  </testcase> <!-- signUp_With_Invalid_Email_And_Existing_UserName_Test -->
  <testcase classname="com.mailchimp.automation.testcases.SignUpPageTest" name="signUp_With_Valid_Email_And_UserName_Test" time="0.000">
    <skipped/>
  </testcase> <!-- signUp_With_Valid_Email_And_UserName_Test -->
</testsuite> <!-- com.mailchimp.automation.testcases.SignUpPageTest -->
