<?xml version="1.0" encoding="UTF-8"?>
<!-- Generated by org.testng.reporters.JUnitReportReporter -->
<testsuite hostname="DESKTOP-0E4BT9V" failures="0" tests="11" name="com.mailchimp.automation.testcases.DashBoardPageTest" time="0.015" errors="0" timestamp="13 Aug 2018 10:11:21 GMT" skipped="11">
  <testcase classname="com.mailchimp.automation.testcases.DashBoardPageTest" name="checkTitle" time="0.000">
    <skipped/>
  </testcase> <!-- checkTitle -->
  <testcase classname="com.mailchimp.automation.testcases.DashBoardPageTest" name="clickToReport" time="0.000">
    <skipped/>
  </testcase> <!-- clickToReport -->
  <testcase classname="com.mailchimp.automation.testcases.DashBoardPageTest" name="clickToListlink" time="0.000">
    <skipped/>
  </testcase> <!-- clickToListlink -->
  <testcase classname="com.mailchimp.automation.testcases.DashBoardPageTest" name="clickToCampaignLink" time="0.000">
    <skipped/>
  </testcase> <!-- clickToCampaignLink -->
  <testcase classname="com.mailchimp.automation.testcases.DashBoardPageTest" name="clickToTemplateLink" time="0.000">
    <skipped/>
  </testcase> <!-- clickToTemplateLink -->
  <testcase classname="com.mailchimp.automation.testcases.DashBoardPageTest" name="clickToHelpLink" time="0.000">
    <skipped/>
  </testcase> <!-- clickToHelpLink -->
  <testcase classname="com.mailchimp.automation.testcases.DashBoardPageTest" name="clickToProfile" time="0.000">
    <skipped/>
  </testcase> <!-- clickToProfile -->
  <testcase classname="com.mailchimp.automation.testcases.DashBoardPageTest" name="clickToAccount" time="0.015">
    <skipped/>
  </testcase> <!-- clickToAccount -->
  <testcase classname="com.mailchimp.automation.testcases.DashBoardPageTest" name="clickToConnectedSite" time="0.000">
    <skipped/>
  </testcase> <!-- clickToConnectedSite -->
  <testcase classname="com.mailchimp.automation.testcases.DashBoardPageTest" name="clickToNotification" time="0.000">
    <skipped/>
  </testcase> <!-- clickToNotification -->
  <testcase classname="com.mailchimp.automation.testcases.DashBoardPageTest" name="clickToLogout" time="0.000">
    <skipped/>
  </testcase> <!-- clickToLogout -->
</testsuite> <!-- com.mailchimp.automation.testcases.DashBoardPageTest -->
