<?xml version="1.0" encoding="UTF-8"?>
<!-- Generated by org.testng.reporters.JUnitReportReporter -->
<testsuite hostname="DESKTOP-0E4BT9V" failures="0" tests="1" name="com.mailchimp.automation.testcases.ListPageTest" time="0.000" errors="0" timestamp="13 Aug 2018 10:11:21 GMT" skipped="1">
  <testcase classname="com.mailchimp.automation.testcases.ListPageTest" name="createList" time="0.000">
    <skipped/>
  </testcase> <!-- createList -->
</testsuite> <!-- com.mailchimp.automation.testcases.ListPageTest -->
