<?xml version="1.0" encoding="UTF-8"?>
<!-- Generated by org.testng.reporters.JUnitReportReporter -->
<testsuite hostname="DESKTOP-T0TIKOH" failures="0" tests="2" name="com.mailchimp.automation.testcases.HomePageTest" time="0.799" errors="0" timestamp="09 Aug 2018 19:08:09 GMT" skipped="0">
  <testcase classname="com.mailchimp.automation.testcases.HomePageTest" name="verifyHomePageTitleTest" time="0.018"/>
  <testcase classname="com.mailchimp.automation.testcases.HomePageTest" name="verifyHomeHeaderElement" time="0.781"/>
</testsuite> <!-- com.mailchimp.automation.testcases.HomePageTest -->
