<?xml version="1.0" encoding="UTF-8"?>
<!-- Generated by org.testng.reporters.JUnitReportReporter -->
<testsuite hostname="DESKTOP-T0TIKOH" failures="0" tests="3" name="com.mailchimp.automation.testcases.SignUpPageTest" time="13.295" errors="0" timestamp="09 Aug 2018 19:08:09 GMT" skipped="0">
  <testcase classname="com.mailchimp.automation.testcases.SignUpPageTest" name="verifySignUpWithInvalidEmail" time="3.485"/>
  <testcase classname="com.mailchimp.automation.testcases.SignUpPageTest" name="verifySignUpWithExistingUser" time="3.115"/>
  <testcase classname="com.mailchimp.automation.testcases.SignUpPageTest" name="verifySignUpValidInfo" time="6.695"/>
</testsuite> <!-- com.mailchimp.automation.testcases.SignUpPageTest -->
