<?xml version="1.0" encoding="UTF-8"?>
<!-- Generated by org.testng.reporters.JUnitReportReporter -->
<testsuite hostname="DESKTOP-0E4BT9V" failures="0" tests="7" name="com.mailchimp.automation.testcases.LoginPageTest" time="30.608" errors="0" timestamp="09 Aug 2018 06:59:20 GMT" skipped="0">
  <testcase classname="com.mailchimp.automation.testcases.LoginPageTest" name="logInPageTitleTest" time="2.832"/>
  <testcase classname="com.mailchimp.automation.testcases.LoginPageTest" name="linkCreateAccountTest" time="4.308"/>
  <testcase classname="com.mailchimp.automation.testcases.LoginPageTest" name="linkForgetUserNameTest" time="3.459"/>
  <testcase classname="com.mailchimp.automation.testcases.LoginPageTest" name="linkForgetPasswordTest" time="4.556"/>
  <testcase classname="com.mailchimp.automation.testcases.LoginPageTest" name="linkPrivacy" time="7.853"/>
  <testcase classname="com.mailchimp.automation.testcases.LoginPageTest" name="linkTermTest" time="5.231"/>
  <testcase classname="com.mailchimp.automation.testcases.LoginPageTest" name="linkCookieTest" time="2.369"/>
</testsuite> <!-- com.mailchimp.automation.testcases.LoginPageTest -->
