<?xml version="1.0" encoding="UTF-8"?>
<!-- Generated by org.testng.reporters.JUnitReportReporter -->
<testsuite hostname="DESKTOP-0E4BT9V" failures="0" tests="7" name="com.mailchimp.automation.testcases.LoginPageTest" time="35.775" errors="0" timestamp="09 Aug 2018 14:17:17 GMT" skipped="0">
  <testcase classname="com.mailchimp.automation.testcases.LoginPageTest" name="logInPageTitleTest" time="4.660"/>
  <testcase classname="com.mailchimp.automation.testcases.LoginPageTest" name="linkCreateAccountTest" time="4.230"/>
  <testcase classname="com.mailchimp.automation.testcases.LoginPageTest" name="linkForgetUserNameTest" time="5.512"/>
  <testcase classname="com.mailchimp.automation.testcases.LoginPageTest" name="linkForgetPasswordTest" time="6.125"/>
  <testcase classname="com.mailchimp.automation.testcases.LoginPageTest" name="linkPrivacy" time="7.456"/>
  <testcase classname="com.mailchimp.automation.testcases.LoginPageTest" name="linkTermTest" time="4.896"/>
  <testcase classname="com.mailchimp.automation.testcases.LoginPageTest" name="linkCookieTest" time="2.896"/>
</testsuite> <!-- com.mailchimp.automation.testcases.LoginPageTest -->
