<?xml version="1.0" encoding="UTF-8"?>
<!-- Generated by org.testng.reporters.JUnitReportReporter -->
<testsuite hostname="DESKTOP-0E4BT9V" failures="0" tests="9" name="com.mailchimp.automation.testcases.HomePageTest" time="136.513" errors="0" timestamp="09 Aug 2018 14:17:17 GMT" skipped="0">
  <testcase classname="com.mailchimp.automation.testcases.HomePageTest" name="verifyHomePageTitleTest" time="1.715"/>
  <testcase classname="com.mailchimp.automation.testcases.HomePageTest" name="verifyPricingTitleTest" time="11.314"/>
  <testcase classname="com.mailchimp.automation.testcases.HomePageTest" name="verifyFeaturesTitleTest" time="20.276"/>
  <testcase classname="com.mailchimp.automation.testcases.HomePageTest" name="verifyLearningTitleTest" time="25.315"/>
  <testcase classname="com.mailchimp.automation.testcases.HomePageTest" name="verifyBlogTitleTest" time="14.962"/>
  <testcase classname="com.mailchimp.automation.testcases.HomePageTest" name="verifyWhatsNewTitleTest" time="22.976"/>
  <testcase classname="com.mailchimp.automation.testcases.HomePageTest" name="verifyLoginTitleTest" time="21.735"/>
  <testcase classname="com.mailchimp.automation.testcases.HomePageTest" name="verifySignUpTitleTest" time="8.793"/>
  <testcase classname="com.mailchimp.automation.testcases.HomePageTest" name="verifySupportTitleTest" time="9.427"/>
</testsuite> <!-- com.mailchimp.automation.testcases.HomePageTest -->
